[Mon Nov 25 13:20:08 2019] [Out]: Args: ['G:/Code/QplayBubbles-Releaes/__main__.py', 'v1.5.1-pre5', 'v1_5_1_pre5', '16', '--debug']
[Mon Nov 25 13:20:08 2019] [Out]: Launcher Path: G:\
[Mon Nov 25 13:20:08 2019] [Out]: {'version': 'v1.5.1-pre5', 'versionDir': 'v1_5_1_pre5', 'build': 16, 'file': 'G:/Code/QplayBubbles-Releaes/__main__.py', 'debug': True}
[Mon Nov 25 13:20:08 2019] [Out]: ['.git', '.gitignore', '.idea', '.ropeproject', '.travis.yml', 'bubbles', 'config', 'data', 'lang', 'lib', 'LICENSE', 'logging.conf', 'logs', 'requirements.txt', 'slots', 'slots.old', 'test', 'version.json', '__init__.py', '__main__.py']
[Mon Nov 25 13:20:08 2019] [Out]: G:\Code\QplayBubbles-Releaes
[Mon Nov 25 13:20:08 2019] [Out]: {'bubble': {'chance': 10, 'max-radius': 30, 'min-radius': 21, 'max-speed': 4.8, 'base-speed': 4.8, 'screen-gap': 100}, 'game': {'level-score': 10000, 'time-limit': 90, 'pause': False, 'resolution': '1920x1080', 'ship-radius': 15, 'ship-speed': 10, 'fullscreen': True, 'language': 'en'}, 'font': {'family': 'helvetica', 'size': -9}, 'height': 1, 'width': 1, 'middle-y': 1, 'middle-x': 1}
[Mon Nov 25 13:20:10 2019] [Out]: Object: {'LastPlayedOn': {'build': '16'}}
[Mon Nov 25 13:20:10 2019] [Out]: Keys: ['LastPlayedOn']
[Mon Nov 25 13:20:10 2019] [Out]: Key: LastPlayedOn | Value: {'build': '16'}
[Mon Nov 25 13:20:10 2019] [Out]: Object: {'build': '16'}
[Mon Nov 25 13:20:10 2019] [Out]: Keys: ['build']
[Mon Nov 25 13:20:10 2019] [Out]: Key: build | Value: 16
[Mon Nov 25 13:20:10 2019] [Out]: {'LastPlayedOn': <lib.utils.dict2class.<locals>.DictClass object at 0x000001B22347CF88>}
[Mon Nov 25 13:20:10 2019] [Out]: Object: {'LastPlayedOn': {'build': 16}}
[Mon Nov 25 13:20:10 2019] [Out]: Keys: ['LastPlayedOn']
[Mon Nov 25 13:20:10 2019] [Out]: Key: LastPlayedOn | Value: {'build': 16}
[Mon Nov 25 13:20:10 2019] [Out]: Object: {'build': 16}
[Mon Nov 25 13:20:10 2019] [Out]: Keys: ['build']
[Mon Nov 25 13:20:10 2019] [Out]: Key: build | Value: 16
[Mon Nov 25 13:20:10 2019] [Out]: {'LastPlayedOn': <lib.utils.dict2class.<locals>.DictClass object at 0x000001B221965F48>}
[Mon Nov 25 13:20:10 2019] [Out]: [SelectCanvas]: CLICK!
[Mon Nov 25 13:20:10 2019] [Out]: event.widget.__dict__: {'widgetName': 'canvas', 'master': <tkinter.Frame object .!frame3.!frame.!frame.!frame2>, 'tk': <threadsafe_tkinter.TkWrapper object at 0x000001B221F87B48>, '_name': '!canvas', '_w': '.!frame3.!frame.!frame.!frame2.!canvas', 'children': {}, '_tclCommands': ['1864607721224<lambda>'], 'build': 16}
[Mon Nov 25 13:20:10 2019] [Out]: event.widget.master.grid_info(): {'in': <tkinter.Frame object .!frame3.!frame.!frame>, 'column': 0, 'row': 1, 'columnspan': 1, 'rowspan': 1, 'ipadx': 0, 'ipady': 0, 'padx': 0, 'pady': 0, 'sticky': ''}
[Mon Nov 25 13:20:10 2019] [Out]: [SelectCanvas]: Row 1
[Mon Nov 25 13:20:11 2019] [Out]: Object: {'LastPlayedOn': {'build': '16'}}
[Mon Nov 25 13:20:11 2019] [Out]: Keys: ['LastPlayedOn']
[Mon Nov 25 13:20:11 2019] [Out]: Key: LastPlayedOn | Value: {'build': '16'}
[Mon Nov 25 13:20:11 2019] [Out]: Object: {'build': '16'}
[Mon Nov 25 13:20:11 2019] [Out]: Keys: ['build']
[Mon Nov 25 13:20:11 2019] [Out]: Key: build | Value: 16
[Mon Nov 25 13:20:11 2019] [Out]: {'LastPlayedOn': <lib.utils.dict2class.<locals>.DictClass object at 0x000001B223484F88>}
[Mon Nov 25 13:20:11 2019] [Out]: Object: {'LastPlayedOn': {'build': 16, 'version': 'v1.5.1-pre5', 'version-dir': 'v1_5_1_pre5'}, 'seed': 123456}
[Mon Nov 25 13:20:11 2019] [Out]: Keys: ['LastPlayedOn', 'seed']
[Mon Nov 25 13:20:11 2019] [Out]: Key: LastPlayedOn | Value: {'build': 16, 'version': 'v1.5.1-pre5', 'version-dir': 'v1_5_1_pre5'}
[Mon Nov 25 13:20:11 2019] [Out]: Object: {'build': 16, 'version': 'v1.5.1-pre5', 'version-dir': 'v1_5_1_pre5'}
[Mon Nov 25 13:20:11 2019] [Out]: Keys: ['build', 'version', 'version-dir']
[Mon Nov 25 13:20:11 2019] [Out]: Key: build | Value: 16
[Mon Nov 25 13:20:11 2019] [Out]: Key: version | Value: v1.5.1-pre5
[Mon Nov 25 13:20:11 2019] [Out]: Key: version-dir | Value: v1_5_1_pre5
[Mon Nov 25 13:20:11 2019] [Out]: Key: seed | Value: 123456
[Mon Nov 25 13:20:11 2019] [Out]: {'LastPlayedOn': <lib.utils.dict2class.<locals>.DictClass object at 0x000001B22347E288>, 'seed': 123456}
[Mon Nov 25 13:20:13 2019] [Out]: Quit
