[Thu Oct 17 13:53:48 2019] [Out]: Args: ['C:/Users/quint/Documents/GitHub/QplayBubbles-Releaes/__main__.py', 'v1.5.1-pre5', 'v1_5_1_pre5', '16']
[Thu Oct 17 13:53:48 2019] [Out]: Launcher Path: C:\Users\quint\Documents
[Thu Oct 17 13:53:49 2019] [Out]: {'bubble': {'chance': 10, 'max-radius': 30, 'min-radius': 21, 'max-speed': 4.8, 'base-speed': 4.8, 'screen-gap': 100}, 'game': {'level-score': 10000, 'time-limit': 90, 'pause': False, 'resolution': '1920x1080', 'ship-radius': 15, 'ship-speed': 10, 'fullscreen': True, 'language': 'en'}, 'font': {'family': 'helvetica', 'size': -9}}
[Thu Oct 17 13:53:49 2019] [Err]: Traceback (most recent call last):
[Thu Oct 17 13:53:49 2019] [Err]:   File "C:/Users/quint/Documents/GitHub/QplayBubbles-Releaes/__main__.py", line 105, in <module>
[Thu Oct 17 13:53:49 2019] [Err]:     Main.Game(launcher_cfg)
[Thu Oct 17 13:53:49 2019] [Err]:   File "C:\Users\quint\Documents\GitHub\QplayBubbles-Releaes\lib\Main.py", line 16, in __init__
[Thu Oct 17 13:53:49 2019] [Err]:     self.t_choice = TitleMenu().get()
[Thu Oct 17 13:53:49 2019] [Err]:   File "C:\Users\quint\Documents\GitHub\QplayBubbles-Releaes\lib\title.py", line 15, in __init__
[Thu Oct 17 13:53:49 2019] [Err]:     self._root = get_window()
[Thu Oct 17 13:53:49 2019] [Err]:   File "C:\Users\quint\Documents\GitHub\QplayBubbles-Releaes\lib\utils\get_set.py", line 7, in get_window
[Thu Oct 17 13:53:49 2019] [Err]:     return tk._default_root
[Thu Oct 17 13:53:49 2019] [Err]: AttributeError: module 'threadsafe_tkinter' has no attribute '_default_root'
[Thu Oct 17 13:53:49 2019] [Err]: Exception ignored in: <function TitleMenu.__del__ at 0x000001B7ED730950>
[Thu Oct 17 13:53:49 2019] [Err]: Traceback (most recent call last):
[Thu Oct 17 13:53:49 2019] [Err]:   File "C:\Users\quint\Documents\GitHub\QplayBubbles-Releaes\lib\title.py", line 77, in __del__
[Thu Oct 17 13:53:49 2019] [Err]:     self.destroy()
[Thu Oct 17 13:53:49 2019] [Err]:   File "C:\Users\quint\Documents\GitHub\QplayBubbles-Releaes\lib\title.py", line 71, in destroy
[Thu Oct 17 13:53:49 2019] [Err]:     self.background.destroy()
[Thu Oct 17 13:53:49 2019] [Err]: AttributeError: 'TitleMenu' object has no attribute 'background'
